d:\uppsala university\programming\2019-2020\game programming 1 - computer games in 2d\frogger\build\obj\x64\debug\vc142.pdb
d:\uppsala university\programming\2019-2020\game programming 1 - computer games in 2d\frogger\build\obj\x64\debug\vc142.idb
d:\uppsala university\programming\2019-2020\game programming 1 - computer games in 2d\frogger\build\obj\x64\debug\vector2.obj
d:\uppsala university\programming\2019-2020\game programming 1 - computer games in 2d\frogger\build\obj\x64\debug\transform.obj
d:\uppsala university\programming\2019-2020\game programming 1 - computer games in 2d\frogger\build\obj\x64\debug\sprite.obj
d:\uppsala university\programming\2019-2020\game programming 1 - computer games in 2d\frogger\build\obj\x64\debug\rectangle.obj
d:\uppsala university\programming\2019-2020\game programming 1 - computer games in 2d\frogger\build\obj\x64\debug\main.obj
d:\uppsala university\programming\2019-2020\game programming 1 - computer games in 2d\frogger\build\obj\x64\debug\log.obj
d:\uppsala university\programming\2019-2020\game programming 1 - computer games in 2d\frogger\build\obj\x64\debug\image.obj
d:\uppsala university\programming\2019-2020\game programming 1 - computer games in 2d\frogger\build\obj\x64\debug\game.obj
d:\uppsala university\programming\2019-2020\game programming 1 - computer games in 2d\frogger\build\obj\x64\debug\frog.obj
d:\uppsala university\programming\2019-2020\game programming 1 - computer games in 2d\frogger\build\obj\x64\debug\color.obj
d:\uppsala university\programming\2019-2020\game programming 1 - computer games in 2d\frogger\build\obj\x64\debug\collisionmanager.obj
d:\uppsala university\programming\2019-2020\game programming 1 - computer games in 2d\frogger\build\obj\x64\debug\collider.obj
d:\uppsala university\programming\2019-2020\game programming 1 - computer games in 2d\frogger\build\obj\x64\debug\car.obj
d:\uppsala university\programming\2019-2020\game programming 1 - computer games in 2d\frogger\build\x64\debug\claudius.ilk
d:\uppsala university\programming\2019-2020\game programming 1 - computer games in 2d\frogger\build\x64\debug\claudius.exe
d:\uppsala university\programming\2019-2020\game programming 1 - computer games in 2d\frogger\build\x64\debug\claudius.pdb
d:\uppsala university\programming\2019-2020\game programming 1 - computer games in 2d\frogger\build\obj\x64\debug\claudius.tlog\cl.command.1.tlog
d:\uppsala university\programming\2019-2020\game programming 1 - computer games in 2d\frogger\build\obj\x64\debug\claudius.tlog\cl.read.1.tlog
d:\uppsala university\programming\2019-2020\game programming 1 - computer games in 2d\frogger\build\obj\x64\debug\claudius.tlog\cl.write.1.tlog
d:\uppsala university\programming\2019-2020\game programming 1 - computer games in 2d\frogger\build\obj\x64\debug\claudius.tlog\link.command.1.tlog
d:\uppsala university\programming\2019-2020\game programming 1 - computer games in 2d\frogger\build\obj\x64\debug\claudius.tlog\link.read.1.tlog
d:\uppsala university\programming\2019-2020\game programming 1 - computer games in 2d\frogger\build\obj\x64\debug\claudius.tlog\link.write.1.tlog
